<?xml version="1.0" encoding="UTF-8"?>
<testsuite xmlns:xsi="http://www.w3.org/2001/XMLSchema-instance" xsi:noNamespaceSchemaLocation="https://maven.apache.org/surefire/maven-surefire-plugin/xsd/surefire-test-report.xsd" name="ambovombe.kombarika.AppTest" time="0.264" tests="1" errors="0" skipped="0" failures="0">
  <properties>
    <property name="java.specification.version" value="17"/>
    <property name="sun.jnu.encoding" value="UTF-8"/>
    <property name="java.class.path" value="/mnt/d/rakharrs/Naina/SCAFFOLDING/kombarika/target/test-classes:/mnt/d/rakharrs/Naina/SCAFFOLDING/kombarika/target/classes:/home/rakharrs/.m2/repository/junit/junit/4.11/junit-4.11.jar:/home/rakharrs/.m2/repository/org/hamcrest/hamcrest-core/1.3/hamcrest-core-1.3.jar:/home/rakharrs/.m2/repository/org/projectlombok/lombok/1.18.30/lombok-1.18.30.jar:/home/rakharrs/.m2/repository/com/google/code/gson/gson/2.10.1/gson-2.10.1.jar:/home/rakharrs/.m2/repository/org/postgresql/postgresql/42.2.14/postgresql-42.2.14.jar:"/>
    <property name="java.vm.vendor" value="Oracle Corporation"/>
    <property name="sun.arch.data.model" value="64"/>
    <property name="java.vendor.url" value="https://openjdk.java.net/"/>
    <property name="os.name" value="Linux"/>
    <property name="java.vm.specification.version" value="17"/>
    <property name="sun.java.launcher" value="SUN_STANDARD"/>
    <property name="user.country" value="US"/>
    <property name="sun.boot.library.path" value="/usr/lib/jvm/java-17-openjdk/lib"/>
    <property name="sun.java.command" value="/mnt/d/rakharrs/Naina/SCAFFOLDING/kombarika/target/surefire/surefirebooter775582454151966171.jar /mnt/d/rakharrs/Naina/SCAFFOLDING/kombarika/target/surefire 2024-04-22T00-33-32_599-jvmRun1 surefire10682942908788578820tmp surefire_09167679763064153042tmp"/>
    <property name="jdk.debug" value="release"/>
    <property name="surefire.test.class.path" value="/mnt/d/rakharrs/Naina/SCAFFOLDING/kombarika/target/test-classes:/mnt/d/rakharrs/Naina/SCAFFOLDING/kombarika/target/classes:/home/rakharrs/.m2/repository/junit/junit/4.11/junit-4.11.jar:/home/rakharrs/.m2/repository/org/hamcrest/hamcrest-core/1.3/hamcrest-core-1.3.jar:/home/rakharrs/.m2/repository/org/projectlombok/lombok/1.18.30/lombok-1.18.30.jar:/home/rakharrs/.m2/repository/com/google/code/gson/gson/2.10.1/gson-2.10.1.jar:/home/rakharrs/.m2/repository/org/postgresql/postgresql/42.2.14/postgresql-42.2.14.jar:"/>
    <property name="sun.cpu.endian" value="little"/>
    <property name="user.home" value="/home/rakharrs"/>
    <property name="user.language" value="en"/>
    <property name="java.specification.vendor" value="Oracle Corporation"/>
    <property name="java.version.date" value="2024-04-16"/>
    <property name="java.home" value="/usr/lib/jvm/java-17-openjdk"/>
    <property name="file.separator" value="/"/>
    <property name="basedir" value="/mnt/d/rakharrs/Naina/SCAFFOLDING/kombarika"/>
    <property name="java.vm.compressedOopsMode" value="32-bit"/>
    <property name="line.separator" value="&#10;"/>
    <property name="java.vm.specification.vendor" value="Oracle Corporation"/>
    <property name="java.specification.name" value="Java Platform API Specification"/>
    <property name="surefire.real.class.path" value="/mnt/d/rakharrs/Naina/SCAFFOLDING/kombarika/target/surefire/surefirebooter775582454151966171.jar"/>
    <property name="sun.management.compiler" value="HotSpot 64-Bit Tiered Compilers"/>
    <property name="java.runtime.version" value="17.0.11+9"/>
    <property name="user.name" value="rakharrs"/>
    <property name="path.separator" value=":"/>
    <property name="os.version" value="5.15.146.1-microsoft-standard-WSL2"/>
    <property name="java.runtime.name" value="OpenJDK Runtime Environment"/>
    <property name="file.encoding" value="UTF-8"/>
    <property name="java.vm.name" value="OpenJDK 64-Bit Server VM"/>
    <property name="localRepository" value="/home/rakharrs/.m2/repository"/>
    <property name="java.vendor.url.bug" value="https://bugreport.java.com/bugreport/"/>
    <property name="java.io.tmpdir" value="/tmp"/>
    <property name="java.version" value="17.0.11"/>
    <property name="user.dir" value="/mnt/d/rakharrs/Naina/SCAFFOLDING/kombarika"/>
    <property name="os.arch" value="amd64"/>
    <property name="java.vm.specification.name" value="Java Virtual Machine Specification"/>
    <property name="native.encoding" value="UTF-8"/>
    <property name="java.library.path" value="/usr/java/packages/lib:/usr/lib64:/lib64:/lib:/usr/lib"/>
    <property name="java.vm.info" value="mixed mode, sharing"/>
    <property name="java.vendor" value="N/A"/>
    <property name="java.vm.version" value="17.0.11+9"/>
    <property name="sun.io.unicode.encoding" value="UnicodeLittle"/>
    <property name="java.class.version" value="61.0"/>
  </properties>
  <testcase name="shouldAnswerWithTrue" classname="ambovombe.kombarika.AppTest" time="0.008"/>
</testsuite>