<?xml version="1.0" encoding="UTF-8"?>
<testsuite xmlns:xsi="http://www.w3.org/2001/XMLSchema-instance" xsi:noNamespaceSchemaLocation="https://maven.apache.org/surefire/maven-surefire-plugin/xsd/surefire-test-report.xsd" name="ambovombe.kombarika.AppTest" time="0.01" tests="1" errors="0" skipped="0" failures="0">
  <properties>
    <property name="java.specification.version" value="17"/>
    <property name="sun.jnu.encoding" value="UTF-8"/>
    <property name="java.class.path" value="/Users/rakharrs/S5/Naina/SCAFFOLDING/kombarika/target/test-classes:/Users/rakharrs/S5/Naina/SCAFFOLDING/kombarika/target/classes:/Users/rakharrs/.m2/repository/junit/junit/4.11/junit-4.11.jar:/Users/rakharrs/.m2/repository/org/hamcrest/hamcrest-core/1.3/hamcrest-core-1.3.jar:/Users/rakharrs/.m2/repository/org/projectlombok/lombok/1.18.30/lombok-1.18.30.jar:/Users/rakharrs/.m2/repository/com/google/code/gson/gson/2.10.1/gson-2.10.1.jar:/Users/rakharrs/.m2/repository/org/postgresql/postgresql/42.2.14/postgresql-42.2.14.jar:"/>
    <property name="java.vm.vendor" value="Eclipse Adoptium"/>
    <property name="sun.arch.data.model" value="64"/>
    <property name="java.vendor.url" value="https://adoptium.net/"/>
    <property name="os.name" value="Mac OS X"/>
    <property name="java.vm.specification.version" value="17"/>
    <property name="sun.java.launcher" value="SUN_STANDARD"/>
    <property name="user.country" value="MG"/>
    <property name="sun.boot.library.path" value="/Library/Java/JavaVirtualMachines/temurin-17.jdk/Contents/Home/lib"/>
    <property name="sun.java.command" value="/Users/rakharrs/S5/Naina/SCAFFOLDING/kombarika/target/surefire/surefirebooter4895806176002340051.jar /Users/rakharrs/S5/Naina/SCAFFOLDING/kombarika/target/surefire 2024-03-20T06-40-21_209-jvmRun1 surefire10725675526787222000tmp surefire_08596044011817813064tmp"/>
    <property name="http.nonProxyHosts" value="local|*.local|169.254/16|*.169.254/16"/>
    <property name="jdk.debug" value="release"/>
    <property name="surefire.test.class.path" value="/Users/rakharrs/S5/Naina/SCAFFOLDING/kombarika/target/test-classes:/Users/rakharrs/S5/Naina/SCAFFOLDING/kombarika/target/classes:/Users/rakharrs/.m2/repository/junit/junit/4.11/junit-4.11.jar:/Users/rakharrs/.m2/repository/org/hamcrest/hamcrest-core/1.3/hamcrest-core-1.3.jar:/Users/rakharrs/.m2/repository/org/projectlombok/lombok/1.18.30/lombok-1.18.30.jar:/Users/rakharrs/.m2/repository/com/google/code/gson/gson/2.10.1/gson-2.10.1.jar:/Users/rakharrs/.m2/repository/org/postgresql/postgresql/42.2.14/postgresql-42.2.14.jar:"/>
    <property name="sun.cpu.endian" value="little"/>
    <property name="user.home" value="/Users/rakharrs"/>
    <property name="user.language" value="en"/>
    <property name="java.specification.vendor" value="Oracle Corporation"/>
    <property name="java.version.date" value="2023-07-18"/>
    <property name="java.home" value="/Library/Java/JavaVirtualMachines/temurin-17.jdk/Contents/Home"/>
    <property name="file.separator" value="/"/>
    <property name="basedir" value="/Users/rakharrs/S5/Naina/SCAFFOLDING/kombarika"/>
    <property name="java.vm.compressedOopsMode" value="Zero based"/>
    <property name="line.separator" value="&#10;"/>
    <property name="java.specification.name" value="Java Platform API Specification"/>
    <property name="java.vm.specification.vendor" value="Oracle Corporation"/>
    <property name="surefire.real.class.path" value="/Users/rakharrs/S5/Naina/SCAFFOLDING/kombarika/target/surefire/surefirebooter4895806176002340051.jar"/>
    <property name="sun.management.compiler" value="HotSpot 64-Bit Tiered Compilers"/>
    <property name="ftp.nonProxyHosts" value="local|*.local|169.254/16|*.169.254/16"/>
    <property name="java.runtime.version" value="17.0.8+7"/>
    <property name="user.name" value="rakharrs"/>
    <property name="path.separator" value=":"/>
    <property name="os.version" value="13.5"/>
    <property name="java.runtime.name" value="OpenJDK Runtime Environment"/>
    <property name="file.encoding" value="UTF-8"/>
    <property name="java.vm.name" value="OpenJDK 64-Bit Server VM"/>
    <property name="java.vendor.version" value="Temurin-17.0.8+7"/>
    <property name="localRepository" value="/Users/rakharrs/.m2/repository"/>
    <property name="java.vendor.url.bug" value="https://github.com/adoptium/adoptium-support/issues"/>
    <property name="java.io.tmpdir" value="/var/folders/dt/fs7s2ltx47v8cx4_9npg0ddr0000gn/T/"/>
    <property name="java.version" value="17.0.8"/>
    <property name="user.dir" value="/Users/rakharrs/S5/Naina/SCAFFOLDING/kombarika"/>
    <property name="os.arch" value="aarch64"/>
    <property name="java.vm.specification.name" value="Java Virtual Machine Specification"/>
    <property name="native.encoding" value="UTF-8"/>
    <property name="java.library.path" value="/Users/rakharrs/Library/Java/Extensions:/Library/Java/Extensions:/Network/Library/Java/Extensions:/System/Library/Java/Extensions:/usr/lib/java:."/>
    <property name="java.vm.info" value="mixed mode"/>
    <property name="java.vendor" value="Eclipse Adoptium"/>
    <property name="java.vm.version" value="17.0.8+7"/>
    <property name="sun.io.unicode.encoding" value="UnicodeBig"/>
    <property name="socksNonProxyHosts" value="local|*.local|169.254/16|*.169.254/16"/>
    <property name="java.class.version" value="61.0"/>
  </properties>
  <testcase name="shouldAnswerWithTrue" classname="ambovombe.kombarika.AppTest" time="0"/>
</testsuite>